<?xml version="1.0" encoding="UTF-8"?>
<testsuite name="unittest.loader._FailedTest-20220424120457" tests="1" file="unittest/loader.py" time="0.003" timestamp="2022-04-24T12:04:57" failures="0" errors="1" skipped="0">
	<testcase classname="unittest.loader._FailedTest" name="service_tests" time="0.003" timestamp="2022-04-24T12:04:57">
		<error type="ImportError" message="Failed to import test module: service_tests
Traceback (most recent call last):
  File &quot;/usr/local/Cellar/python@3.9/3.9.6/Frameworks/Python.framework/Versions/3.9/lib/python3.9/unittest/loader.py&quot;, line 154, in loadTestsFromName
    module = __import__(module_name)
  File &quot;/Users/nateboldt/comp479/COMP470-Project4/src/unittest/python/service_tests.py&quot;, line 1, in &lt;module&gt;
    from src.main.python import service
ModuleNotFoundError: No module named 'src'
"><![CDATA[Traceback (most recent call last):
  File "/usr/local/Cellar/python@3.9/3.9.6/Frameworks/Python.framework/Versions/3.9/lib/python3.9/unittest/case.py", line 59, in testPartExecutor
    yield
  File "/usr/local/Cellar/python@3.9/3.9.6/Frameworks/Python.framework/Versions/3.9/lib/python3.9/unittest/case.py", line 593, in run
    self._callTestMethod(testMethod)
  File "/usr/local/Cellar/python@3.9/3.9.6/Frameworks/Python.framework/Versions/3.9/lib/python3.9/unittest/case.py", line 550, in _callTestMethod
    method()
  File "/usr/local/Cellar/python@3.9/3.9.6/Frameworks/Python.framework/Versions/3.9/lib/python3.9/unittest/loader.py", line 34, in testFailure
    raise self._exception
ImportError: Failed to import test module: service_tests
Traceback (most recent call last):
  File "/usr/local/Cellar/python@3.9/3.9.6/Frameworks/Python.framework/Versions/3.9/lib/python3.9/unittest/loader.py", line 154, in loadTestsFromName
    module = __import__(module_name)
  File "/Users/nateboldt/comp479/COMP470-Project4/src/unittest/python/service_tests.py", line 1, in <module>
    from src.main.python import service
ModuleNotFoundError: No module named 'src'

]]></error>
	</testcase>
</testsuite>
